[05-Dec-2025 09:07:31 Europe/Berlin] Received input: {"action":"login","identifier":"ali@gmail.com","password":"123456"}
[05-Dec-2025 09:07:31 Europe/Berlin] Action: login
[05-Dec-2025 09:07:31 Europe/Berlin] Login attempt for identifier: ali@gmail.com
[05-Dec-2025 09:07:31 Europe/Berlin] Login error: SQLSTATE[HY093]: Invalid parameter number
[05-Dec-2025 09:09:11 Europe/Berlin] Received input: {"action":"login","identifier":"ali@gmail.com","password":"123456"}
[05-Dec-2025 09:09:11 Europe/Berlin] Action: login
[05-Dec-2025 09:09:11 Europe/Berlin] Login attempt for identifier: ali@gmail.com
[05-Dec-2025 09:09:11 Europe/Berlin] User found: ali@gmail.com
[05-Dec-2025 09:09:11 Europe/Berlin] Password verified successfully
[05-Dec-2025 09:09:11 Europe/Berlin] Session set for user: 5
[05-Dec-2025 09:25:17 Europe/Berlin] Received input: {"action":"login","identifier":"DCSDSC","password":"CSDCFS"}
[05-Dec-2025 09:25:17 Europe/Berlin] Action: login
[05-Dec-2025 09:25:17 Europe/Berlin] Login attempt for identifier: DCSDSC
[05-Dec-2025 09:25:17 Europe/Berlin] User not found: DCSDSC
[05-Dec-2025 09:38:59 Europe/Berlin] Received input: {"action":"login","identifier":"ahmed@gmail.com","password":"123456"}
[05-Dec-2025 09:38:59 Europe/Berlin] Action: login
[05-Dec-2025 09:38:59 Europe/Berlin] Login attempt for identifier: ahmed@gmail.com
[05-Dec-2025 09:38:59 Europe/Berlin] User found: Ahmed@gmail.com
[05-Dec-2025 09:39:00 Europe/Berlin] Password verified successfully
[05-Dec-2025 09:39:00 Europe/Berlin] Session set for user: 6
[05-Dec-2025 12:12:29 Europe/Berlin] Received input: {"action":"login","identifier":"ahmed@gmail.com","password":"123456"}
[05-Dec-2025 12:12:29 Europe/Berlin] Action: login
[05-Dec-2025 12:12:29 Europe/Berlin] Login attempt for identifier: ahmed@gmail.com
[05-Dec-2025 12:12:29 Europe/Berlin] User found: Ahmed@gmail.com
[05-Dec-2025 12:12:30 Europe/Berlin] Password verified successfully
[05-Dec-2025 12:12:30 Europe/Berlin] Session set for user: 6
[05-Dec-2025 12:14:23 Europe/Berlin] Received input: {"action":"login","identifier":"king@gmail.com","password":"123456"}
[05-Dec-2025 12:14:23 Europe/Berlin] Action: login
[05-Dec-2025 12:14:23 Europe/Berlin] Login attempt for identifier: king@gmail.com
[05-Dec-2025 12:14:23 Europe/Berlin] User found: king@gmail.com
[05-Dec-2025 12:14:23 Europe/Berlin] Password verified successfully
[05-Dec-2025 12:14:23 Europe/Berlin] Session set for user: 7
[05-Dec-2025 14:55:15 Europe/Berlin] Received input: {"action":"login","identifier":"Ahmed@gmail.com","password":"123456"}
[05-Dec-2025 14:55:15 Europe/Berlin] Action: login
[05-Dec-2025 14:55:15 Europe/Berlin] Login attempt for identifier: Ahmed@gmail.com
[05-Dec-2025 14:55:15 Europe/Berlin] User found: Ahmed@gmail.com
[05-Dec-2025 14:55:15 Europe/Berlin] Password verified successfully
[05-Dec-2025 14:55:15 Europe/Berlin] Session set for user: 6
[05-Dec-2025 22:06:20 Europe/Berlin] Received input: {"action":"login","identifier":"ahmed@gmail.com","password":"123456"}
[05-Dec-2025 22:06:20 Europe/Berlin] Action: login
[05-Dec-2025 22:06:20 Europe/Berlin] Login attempt for identifier: ahmed@gmail.com
[05-Dec-2025 22:06:20 Europe/Berlin] User found: Ahmed@gmail.com
[05-Dec-2025 22:06:20 Europe/Berlin] Password verified successfully
[05-Dec-2025 22:06:20 Europe/Berlin] Session set for user: 6
[06-Dec-2025 11:19:12 Europe/Berlin] Received input: {"action":"login","identifier":"ahmed@gmail.com","password":"123456"}
[06-Dec-2025 11:19:12 Europe/Berlin] Action: login
[06-Dec-2025 11:19:12 Europe/Berlin] Login attempt for identifier: ahmed@gmail.com
[06-Dec-2025 11:19:12 Europe/Berlin] User found: Ahmed@gmail.com
[06-Dec-2025 11:19:12 Europe/Berlin] Password verified successfully
[06-Dec-2025 11:19:12 Europe/Berlin] Session set for user: 6
[06-Dec-2025 11:19:54 Europe/Berlin] Received input: {"action":"login","identifier":"GHBHWG","password":"GHGHVNB"}
[06-Dec-2025 11:19:54 Europe/Berlin] Action: login
[06-Dec-2025 11:19:54 Europe/Berlin] Login attempt for identifier: GHBHWG
[06-Dec-2025 11:19:54 Europe/Berlin] User not found: GHBHWG
[06-Dec-2025 12:20:52 Europe/Berlin] Received input: 
[06-Dec-2025 12:20:52 Europe/Berlin] Invalid input or missing action
[06-Dec-2025 12:21:22 Europe/Berlin] Received input: {"action":"register","username":"aya","email":"ayamazouze1@gmail.com","password":"ayamazouze"}
[06-Dec-2025 12:21:22 Europe/Berlin] Action: register
[06-Dec-2025 12:21:22 Europe/Berlin] Registration attempt for: ayamazouze1@gmail.com
[06-Dec-2025 12:21:22 Europe/Berlin] Email already exists: ayamazouze1@gmail.com
[06-Dec-2025 12:21:47 Europe/Berlin] Received input: {"action":"login","identifier":"ayamazouze1@gmail.com","password":"ayamazouze"}
[06-Dec-2025 12:21:47 Europe/Berlin] Action: login
[06-Dec-2025 12:21:47 Europe/Berlin] Login attempt for identifier: ayamazouze1@gmail.com
[06-Dec-2025 12:21:47 Europe/Berlin] User found: ayamazouze1@gmail.com
[06-Dec-2025 12:21:47 Europe/Berlin] Password verified successfully
[06-Dec-2025 12:21:47 Europe/Berlin] Session set for user: 7
[06-Dec-2025 18:14:59 Europe/Berlin] Received input: {"action":"login","identifier":"admin1@gmail.com","password":"admin"}
[06-Dec-2025 18:15:00 Europe/Berlin] Action: login
[06-Dec-2025 18:15:00 Europe/Berlin] Login attempt for identifier: admin1@gmail.com
[06-Dec-2025 18:15:00 Europe/Berlin] User found: admin1@gmail.com
[06-Dec-2025 18:15:00 Europe/Berlin] Password verified successfully
[06-Dec-2025 18:15:00 Europe/Berlin] Session set for user: 9
[07-Dec-2025 05:13:41 Europe/Berlin] Received input: {"action":"register","username":"aya","email":"ayamazouze1@gmail.com","password":"ayaaya"}
[07-Dec-2025 05:13:41 Europe/Berlin] Action: register
[07-Dec-2025 05:13:41 Europe/Berlin] Registration attempt for: ayamazouze1@gmail.com
[07-Dec-2025 05:13:41 Europe/Berlin] User registered successfully: ayamazouze1@gmail.com
[07-Dec-2025 05:13:58 Europe/Berlin] Received input: {"action":"login","identifier":"ayamazouze1@gmail.com","password":"ayaaya"}
[07-Dec-2025 05:13:58 Europe/Berlin] Action: login
[07-Dec-2025 05:13:58 Europe/Berlin] Login attempt for identifier: ayamazouze1@gmail.com
[07-Dec-2025 05:13:58 Europe/Berlin] User found: ayamazouze1@gmail.com
[07-Dec-2025 05:13:58 Europe/Berlin] Password verified successfully
[07-Dec-2025 05:13:58 Europe/Berlin] Session set for user: 4
[07-Dec-2025 05:20:32 Europe/Berlin] Received input: 
[07-Dec-2025 05:20:32 Europe/Berlin] Invalid input or missing action
[07-Dec-2025 05:20:52 Europe/Berlin] Received input: {"action":"login","identifier":"admin1@gmail.com","password":"aya"}
[07-Dec-2025 05:20:52 Europe/Berlin] Action: login
[07-Dec-2025 05:20:52 Europe/Berlin] Login attempt for identifier: admin1@gmail.com
[07-Dec-2025 05:20:52 Europe/Berlin] User found: admin1@gmail.com
[07-Dec-2025 05:20:52 Europe/Berlin] Password verified successfully
[07-Dec-2025 05:20:52 Europe/Berlin] Session set for user: 5
[07-Dec-2025 05:59:04 Europe/Berlin] Received input: {"action":"login","identifier":"ayamazouze1@gmail.com","password":"ayaaya"}
[07-Dec-2025 05:59:04 Europe/Berlin] Action: login
[07-Dec-2025 05:59:04 Europe/Berlin] Login attempt for identifier: ayamazouze1@gmail.com
[07-Dec-2025 05:59:04 Europe/Berlin] User found: ayamazouze1@gmail.com
[07-Dec-2025 05:59:04 Europe/Berlin] Password verified successfully
[07-Dec-2025 05:59:04 Europe/Berlin] Session set for user: 4
[07-Dec-2025 06:15:50 Europe/Berlin] Received input: 
[07-Dec-2025 06:15:50 Europe/Berlin] Invalid input or missing action
[07-Dec-2025 06:16:43 Europe/Berlin] Received input: {"action":"login","identifier":"ayamazouze1@gmail.com","password":"ayaya"}
[07-Dec-2025 06:16:43 Europe/Berlin] Action: login
[07-Dec-2025 06:16:43 Europe/Berlin] Login attempt for identifier: ayamazouze1@gmail.com
[07-Dec-2025 06:16:44 Europe/Berlin] User found: ayamazouze1@gmail.com
[07-Dec-2025 06:16:44 Europe/Berlin] Password verification failed for user: ayamazouze1@gmail.com
[07-Dec-2025 06:16:55 Europe/Berlin] Received input: {"action":"login","identifier":"ayamazouze1@gmail.com","password":"ayaaya"}
[07-Dec-2025 06:16:55 Europe/Berlin] Action: login
[07-Dec-2025 06:16:55 Europe/Berlin] Login attempt for identifier: ayamazouze1@gmail.com
[07-Dec-2025 06:16:55 Europe/Berlin] User found: ayamazouze1@gmail.com
[07-Dec-2025 06:16:55 Europe/Berlin] Password verified successfully
[07-Dec-2025 06:16:55 Europe/Berlin] Session set for user: 4
[07-Dec-2025 09:40:21 Europe/Berlin] Received input: 
[07-Dec-2025 09:40:21 Europe/Berlin] Invalid input or missing action
[07-Dec-2025 09:40:47 Europe/Berlin] Received input: {"action":"login","identifier":"GE","password":"GE"}
[07-Dec-2025 09:40:47 Europe/Berlin] Action: login
[07-Dec-2025 09:40:47 Europe/Berlin] Login attempt for identifier: GE
[07-Dec-2025 09:40:47 Europe/Berlin] User found: ge@gmail.com
[07-Dec-2025 09:40:47 Europe/Berlin] Password verified successfully
[07-Dec-2025 09:40:47 Europe/Berlin] Session set for user: 6
[07-Dec-2025 09:41:53 Europe/Berlin] Received input: {"action":"login","identifier":"ayamazouze1@gmail.com","password":"ayaaya"}
[07-Dec-2025 09:41:53 Europe/Berlin] Action: login
[07-Dec-2025 09:41:53 Europe/Berlin] Login attempt for identifier: ayamazouze1@gmail.com
[07-Dec-2025 09:41:53 Europe/Berlin] User found: ayamazouze1@gmail.com
[07-Dec-2025 09:41:53 Europe/Berlin] Password verified successfully
[07-Dec-2025 09:41:53 Europe/Berlin] Session set for user: 4
[07-Dec-2025 09:42:26 Europe/Berlin] Received input: {"action":"login","identifier":"GE","password":"GE"}
[07-Dec-2025 09:42:26 Europe/Berlin] Action: login
[07-Dec-2025 09:42:26 Europe/Berlin] Login attempt for identifier: GE
[07-Dec-2025 09:42:26 Europe/Berlin] User found: ge@gmail.com
[07-Dec-2025 09:42:26 Europe/Berlin] Password verified successfully
[07-Dec-2025 09:42:26 Europe/Berlin] Session set for user: 6
[07-Dec-2025 09:42:58 Europe/Berlin] Received input: {"action":"login","identifier":"ayamazouze1@gmail.com","password":"ayaaya"}
[07-Dec-2025 09:42:58 Europe/Berlin] Action: login
[07-Dec-2025 09:42:58 Europe/Berlin] Login attempt for identifier: ayamazouze1@gmail.com
[07-Dec-2025 09:42:58 Europe/Berlin] User found: ayamazouze1@gmail.com
[07-Dec-2025 09:42:58 Europe/Berlin] Password verified successfully
[07-Dec-2025 09:42:58 Europe/Berlin] Session set for user: 4
[07-Dec-2025 09:43:30 Europe/Berlin] Received input: {"action":"login","identifier":"GE","password":"GE"}
[07-Dec-2025 09:43:30 Europe/Berlin] Action: login
[07-Dec-2025 09:43:30 Europe/Berlin] Login attempt for identifier: GE
[07-Dec-2025 09:43:30 Europe/Berlin] User found: ge@gmail.com
[07-Dec-2025 09:43:30 Europe/Berlin] Password verified successfully
[07-Dec-2025 09:43:30 Europe/Berlin] Session set for user: 6
[07-Dec-2025 09:50:48 Europe/Berlin] Received input: {"action":"login","identifier":"ayamazouze1@gmail.com","password":"qyqqyq"}
[07-Dec-2025 09:50:48 Europe/Berlin] Action: login
[07-Dec-2025 09:50:48 Europe/Berlin] Login attempt for identifier: ayamazouze1@gmail.com
[07-Dec-2025 09:50:48 Europe/Berlin] User found: ayamazouze1@gmail.com
[07-Dec-2025 09:50:48 Europe/Berlin] Password verification failed for user: ayamazouze1@gmail.com
[07-Dec-2025 09:50:56 Europe/Berlin] Received input: {"action":"login","identifier":"ayamazouze1@gmail.com","password":"ayaaya"}
[07-Dec-2025 09:50:56 Europe/Berlin] Action: login
[07-Dec-2025 09:50:56 Europe/Berlin] Login attempt for identifier: ayamazouze1@gmail.com
[07-Dec-2025 09:50:56 Europe/Berlin] User found: ayamazouze1@gmail.com
[07-Dec-2025 09:50:56 Europe/Berlin] Password verified successfully
[07-Dec-2025 09:50:56 Europe/Berlin] Session set for user: 4
[07-Dec-2025 09:51:18 Europe/Berlin] Received input: {"action":"login","identifier":"GE","password":"GE"}
[07-Dec-2025 09:51:18 Europe/Berlin] Action: login
[07-Dec-2025 09:51:18 Europe/Berlin] Login attempt for identifier: GE
[07-Dec-2025 09:51:18 Europe/Berlin] User found: ge@gmail.com
[07-Dec-2025 09:51:18 Europe/Berlin] Password verified successfully
[07-Dec-2025 09:51:18 Europe/Berlin] Session set for user: 6
[07-Dec-2025 10:07:30 Europe/Berlin] Received input: {"action":"login","identifier":"ayamazouze1@gmail.com","password":"ayaaya"}
[07-Dec-2025 10:07:30 Europe/Berlin] Action: login
[07-Dec-2025 10:07:30 Europe/Berlin] Login attempt for identifier: ayamazouze1@gmail.com
[07-Dec-2025 10:07:30 Europe/Berlin] User found: ayamazouze1@gmail.com
[07-Dec-2025 10:07:30 Europe/Berlin] Password verified successfully
[07-Dec-2025 10:07:30 Europe/Berlin] Session set for user: 4
[07-Dec-2025 10:07:52 Europe/Berlin] Received input: {"action":"login","identifier":"GE","password":"GR"}
[07-Dec-2025 10:07:52 Europe/Berlin] Action: login
[07-Dec-2025 10:07:52 Europe/Berlin] Login attempt for identifier: GE
[07-Dec-2025 10:07:52 Europe/Berlin] User found: ge@gmail.com
[07-Dec-2025 10:07:52 Europe/Berlin] Password verification failed for user: ge@gmail.com
[07-Dec-2025 10:07:56 Europe/Berlin] Received input: {"action":"login","identifier":"GE","password":"GE"}
[07-Dec-2025 10:07:56 Europe/Berlin] Action: login
[07-Dec-2025 10:07:56 Europe/Berlin] Login attempt for identifier: GE
[07-Dec-2025 10:07:56 Europe/Berlin] User found: ge@gmail.com
[07-Dec-2025 10:07:56 Europe/Berlin] Password verified successfully
[07-Dec-2025 10:07:56 Europe/Berlin] Session set for user: 6
[07-Dec-2025 10:11:30 Europe/Berlin] Received input: {"action":"login","identifier":"GE","password":"GE"}
[07-Dec-2025 10:11:30 Europe/Berlin] Action: login
[07-Dec-2025 10:11:30 Europe/Berlin] Login attempt for identifier: GE
[07-Dec-2025 10:11:30 Europe/Berlin] User found: ge@gmail.com
[07-Dec-2025 10:11:30 Europe/Berlin] Password verified successfully
[07-Dec-2025 10:11:30 Europe/Berlin] Session set for user: 6
[07-Dec-2025 10:12:04 Europe/Berlin] Received input: {"action":"login","identifier":"ayamazouze1@gmail.com","password":"ayaaya"}
[07-Dec-2025 10:12:04 Europe/Berlin] Action: login
[07-Dec-2025 10:12:04 Europe/Berlin] Login attempt for identifier: ayamazouze1@gmail.com
[07-Dec-2025 10:12:04 Europe/Berlin] User found: ayamazouze1@gmail.com
[07-Dec-2025 10:12:04 Europe/Berlin] Password verified successfully
[07-Dec-2025 10:12:04 Europe/Berlin] Session set for user: 4
[07-Dec-2025 10:13:17 Europe/Berlin] Received input: {"action":"login","identifier":"GE","password":"GE"}
[07-Dec-2025 10:13:17 Europe/Berlin] Action: login
[07-Dec-2025 10:13:17 Europe/Berlin] Login attempt for identifier: GE
[07-Dec-2025 10:13:17 Europe/Berlin] User found: ge@gmail.com
[07-Dec-2025 10:13:17 Europe/Berlin] Password verified successfully
[07-Dec-2025 10:13:17 Europe/Berlin] Session set for user: 6
[07-Dec-2025 10:14:30 Europe/Berlin] Received input: {"action":"login","identifier":"ayamazouze1@gmail.com","password":"qyqqyq"}
[07-Dec-2025 10:14:30 Europe/Berlin] Action: login
[07-Dec-2025 10:14:30 Europe/Berlin] Login attempt for identifier: ayamazouze1@gmail.com
[07-Dec-2025 10:14:30 Europe/Berlin] User found: ayamazouze1@gmail.com
[07-Dec-2025 10:14:30 Europe/Berlin] Password verification failed for user: ayamazouze1@gmail.com
[07-Dec-2025 10:14:37 Europe/Berlin] Received input: {"action":"login","identifier":"ayamazouze1@gmail.com","password":"ayaaya"}
[07-Dec-2025 10:14:37 Europe/Berlin] Action: login
[07-Dec-2025 10:14:37 Europe/Berlin] Login attempt for identifier: ayamazouze1@gmail.com
[07-Dec-2025 10:14:37 Europe/Berlin] User found: ayamazouze1@gmail.com
[07-Dec-2025 10:14:37 Europe/Berlin] Password verified successfully
[07-Dec-2025 10:14:37 Europe/Berlin] Session set for user: 4
[07-Dec-2025 10:15:29 Europe/Berlin] Received input: {"action":"login","identifier":"GE","password":"GE"}
[07-Dec-2025 10:15:29 Europe/Berlin] Action: login
[07-Dec-2025 10:15:29 Europe/Berlin] Login attempt for identifier: GE
[07-Dec-2025 10:15:29 Europe/Berlin] User found: ge@gmail.com
[07-Dec-2025 10:15:29 Europe/Berlin] Password verified successfully
[07-Dec-2025 10:15:29 Europe/Berlin] Session set for user: 6
[07-Dec-2025 10:17:00 Europe/Berlin] Received input: {"action":"login","identifier":"GE","password":"GE"}
[07-Dec-2025 10:17:00 Europe/Berlin] Action: login
[07-Dec-2025 10:17:00 Europe/Berlin] Login attempt for identifier: GE
[07-Dec-2025 10:17:00 Europe/Berlin] User found: ge@gmail.com
[07-Dec-2025 10:17:00 Europe/Berlin] Password verified successfully
[07-Dec-2025 10:17:00 Europe/Berlin] Session set for user: 6
[07-Dec-2025 10:18:24 Europe/Berlin] Received input: {"action":"login","identifier":"GE","password":"GE"}
[07-Dec-2025 10:18:24 Europe/Berlin] Action: login
[07-Dec-2025 10:18:24 Europe/Berlin] Login attempt for identifier: GE
[07-Dec-2025 10:18:24 Europe/Berlin] User found: ge@gmail.com
[07-Dec-2025 10:18:24 Europe/Berlin] Password verified successfully
[07-Dec-2025 10:18:24 Europe/Berlin] Session set for user: 6
[07-Dec-2025 11:46:46 Europe/Berlin] Received input: {"action":"login","identifier":"admin1@gmail.com","password":"admin"}
[07-Dec-2025 11:46:46 Europe/Berlin] Action: login
[07-Dec-2025 11:46:46 Europe/Berlin] Login attempt for identifier: admin1@gmail.com
[07-Dec-2025 11:46:46 Europe/Berlin] User found: admin1@gmail.com
[07-Dec-2025 11:46:46 Europe/Berlin] Password verification failed for user: admin1@gmail.com
[07-Dec-2025 11:46:51 Europe/Berlin] Received input: {"action":"login","identifier":"admin1@gmail.com","password":"admin"}
[07-Dec-2025 11:46:51 Europe/Berlin] Action: login
[07-Dec-2025 11:46:51 Europe/Berlin] Login attempt for identifier: admin1@gmail.com
[07-Dec-2025 11:46:51 Europe/Berlin] User found: admin1@gmail.com
[07-Dec-2025 11:46:51 Europe/Berlin] Password verification failed for user: admin1@gmail.com
[07-Dec-2025 11:47:13 Europe/Berlin] Received input: {"action":"login","identifier":"admin1@gmail.com","password":"aya"}
[07-Dec-2025 11:47:13 Europe/Berlin] Action: login
[07-Dec-2025 11:47:13 Europe/Berlin] Login attempt for identifier: admin1@gmail.com
[07-Dec-2025 11:47:13 Europe/Berlin] User found: admin1@gmail.com
[07-Dec-2025 11:47:13 Europe/Berlin] Password verified successfully
[07-Dec-2025 11:47:13 Europe/Berlin] Session set for user: 5
[08-Dec-2025 08:49:48 Europe/Berlin] Received input: {"action":"login","identifier":"ayamazouze1@gmail.com","password":"ayaaya"}
[08-Dec-2025 08:49:48 Europe/Berlin] Action: login
[08-Dec-2025 08:49:48 Europe/Berlin] Login attempt for identifier: ayamazouze1@gmail.com
[08-Dec-2025 08:49:48 Europe/Berlin] User found: ayamazouze1@gmail.com
[08-Dec-2025 08:49:48 Europe/Berlin] Password verified successfully
[08-Dec-2025 08:49:48 Europe/Berlin] Session set for user: 4
[08-Dec-2025 08:51:35 Europe/Berlin] Received input: {"action":"login","identifier":"GE","password":"GE"}
[08-Dec-2025 08:51:35 Europe/Berlin] Action: login
[08-Dec-2025 08:51:35 Europe/Berlin] Login attempt for identifier: GE
[08-Dec-2025 08:51:35 Europe/Berlin] User found: ge@gmail.com
[08-Dec-2025 08:51:35 Europe/Berlin] Password verified successfully
[08-Dec-2025 08:51:35 Europe/Berlin] Session set for user: 6
[08-Dec-2025 08:52:13 Europe/Berlin] Received input: {"action":"login","identifier":"ayamazouze1@gmail.com","password":"ayaaya"}
[08-Dec-2025 08:52:13 Europe/Berlin] Action: login
[08-Dec-2025 08:52:13 Europe/Berlin] Login attempt for identifier: ayamazouze1@gmail.com
[08-Dec-2025 08:52:13 Europe/Berlin] User found: ayamazouze1@gmail.com
[08-Dec-2025 08:52:13 Europe/Berlin] Password verified successfully
[08-Dec-2025 08:52:13 Europe/Berlin] Session set for user: 4
[08-Dec-2025 08:52:44 Europe/Berlin] Received input: {"action":"login","identifier":"admin1@gmail.com","password":"aya"}
[08-Dec-2025 08:52:44 Europe/Berlin] Action: login
[08-Dec-2025 08:52:44 Europe/Berlin] Login attempt for identifier: admin1@gmail.com
[08-Dec-2025 08:52:44 Europe/Berlin] User found: admin1@gmail.com
[08-Dec-2025 08:52:44 Europe/Berlin] Password verified successfully
[08-Dec-2025 08:52:44 Europe/Berlin] Session set for user: 5
[08-Dec-2025 12:17:17 Europe/Berlin] Received input: {"action":"login","identifier":"ayamazouze1@gmail.com","password":"ayaaya"}
[08-Dec-2025 12:17:17 Europe/Berlin] Action: login
[08-Dec-2025 12:17:17 Europe/Berlin] Login attempt for identifier: ayamazouze1@gmail.com
[08-Dec-2025 12:17:17 Europe/Berlin] User found: ayamazouze1@gmail.com
[08-Dec-2025 12:17:17 Europe/Berlin] Password verified successfully
[08-Dec-2025 12:17:17 Europe/Berlin] Session set for user: 4
[08-Dec-2025 12:18:19 Europe/Berlin] Received input: {"action":"login","identifier":"GE","password":"GE"}
[08-Dec-2025 12:18:19 Europe/Berlin] Action: login
[08-Dec-2025 12:18:19 Europe/Berlin] Login attempt for identifier: GE
[08-Dec-2025 12:18:19 Europe/Berlin] User found: ge@gmail.com
[08-Dec-2025 12:18:19 Europe/Berlin] Password verified successfully
[08-Dec-2025 12:18:19 Europe/Berlin] Session set for user: 6
[08-Dec-2025 12:18:39 Europe/Berlin] Received input: {"action":"login","identifier":"ayamazouze1@gmail.com","password":"ayaaya"}
[08-Dec-2025 12:18:39 Europe/Berlin] Action: login
[08-Dec-2025 12:18:39 Europe/Berlin] Login attempt for identifier: ayamazouze1@gmail.com
[08-Dec-2025 12:18:39 Europe/Berlin] User found: ayamazouze1@gmail.com
[08-Dec-2025 12:18:39 Europe/Berlin] Password verified successfully
[08-Dec-2025 12:18:39 Europe/Berlin] Session set for user: 4
[08-Dec-2025 12:19:20 Europe/Berlin] Received input: {"action":"login","identifier":"admin1@gmail.com","password":"aya"}
[08-Dec-2025 12:19:20 Europe/Berlin] Action: login
[08-Dec-2025 12:19:20 Europe/Berlin] Login attempt for identifier: admin1@gmail.com
[08-Dec-2025 12:19:20 Europe/Berlin] User found: admin1@gmail.com
[08-Dec-2025 12:19:20 Europe/Berlin] Password verified successfully
[08-Dec-2025 12:19:20 Europe/Berlin] Session set for user: 5
[08-Dec-2025 13:54:45 Europe/Berlin] Received input: {"action":"login","identifier":"king@gmail.com","password":"123456"}
[08-Dec-2025 13:54:45 Europe/Berlin] Action: login
[08-Dec-2025 13:54:45 Europe/Berlin] Login attempt for identifier: king@gmail.com
[08-Dec-2025 13:54:45 Europe/Berlin] User found: king@gmail.com
[08-Dec-2025 13:54:45 Europe/Berlin] Password verified successfully
[08-Dec-2025 13:54:45 Europe/Berlin] Session set for user: 7
[08-Dec-2025 14:03:41 Europe/Berlin] Received input: {"action":"login","identifier":"ahmed@gmail.com","password":"123456"}
[08-Dec-2025 14:03:41 Europe/Berlin] Action: login
[08-Dec-2025 14:03:41 Europe/Berlin] Login attempt for identifier: ahmed@gmail.com
[08-Dec-2025 14:03:41 Europe/Berlin] User found: Ahmed@gmail.com
[08-Dec-2025 14:03:41 Europe/Berlin] Password verified successfully
[08-Dec-2025 14:03:41 Europe/Berlin] Session set for user: 6
[08-Dec-2025 14:05:08 Europe/Berlin] Received input: {"action":"login","identifier":"siham@gmail.com","password":"123456"}
[08-Dec-2025 14:05:08 Europe/Berlin] Action: login
[08-Dec-2025 14:05:08 Europe/Berlin] Login attempt for identifier: siham@gmail.com
[08-Dec-2025 14:05:08 Europe/Berlin] User found: siham@gmail.com
[08-Dec-2025 14:05:08 Europe/Berlin] Password verified successfully
[08-Dec-2025 14:05:08 Europe/Berlin] Session set for user: 4
[08-Dec-2025 14:06:53 Europe/Berlin] Received input: {"action":"login","identifier":"ahmed@gmail.com","password":"123456"}
[08-Dec-2025 14:06:53 Europe/Berlin] Action: login
[08-Dec-2025 14:06:53 Europe/Berlin] Login attempt for identifier: ahmed@gmail.com
[08-Dec-2025 14:06:53 Europe/Berlin] User found: Ahmed@gmail.com
[08-Dec-2025 14:06:53 Europe/Berlin] Password verified successfully
[08-Dec-2025 14:06:53 Europe/Berlin] Session set for user: 6
[08-Dec-2025 14:07:49 Europe/Berlin] Received input: {"action":"login","identifier":"siham@gmail.com","password":"123456"}
[08-Dec-2025 14:07:49 Europe/Berlin] Action: login
[08-Dec-2025 14:07:49 Europe/Berlin] Login attempt for identifier: siham@gmail.com
[08-Dec-2025 14:07:49 Europe/Berlin] User found: siham@gmail.com
[08-Dec-2025 14:07:50 Europe/Berlin] Password verified successfully
[08-Dec-2025 14:07:50 Europe/Berlin] Session set for user: 4
[08-Dec-2025 14:10:11 Europe/Berlin] Received input: {"action":"login","identifier":"ahmed@gmail.com","password":"123456"}
[08-Dec-2025 14:10:11 Europe/Berlin] Action: login
[08-Dec-2025 14:10:11 Europe/Berlin] Login attempt for identifier: ahmed@gmail.com
[08-Dec-2025 14:10:11 Europe/Berlin] User found: Ahmed@gmail.com
[08-Dec-2025 14:10:12 Europe/Berlin] Password verified successfully
[08-Dec-2025 14:10:12 Europe/Berlin] Session set for user: 6
[08-Dec-2025 14:11:37 Europe/Berlin] Received input: {"action":"login","identifier":"siham@gmail.com","password":"123456"}
[08-Dec-2025 14:11:37 Europe/Berlin] Action: login
[08-Dec-2025 14:11:37 Europe/Berlin] Login attempt for identifier: siham@gmail.com
[08-Dec-2025 14:11:37 Europe/Berlin] User found: siham@gmail.com
[08-Dec-2025 14:11:37 Europe/Berlin] Password verified successfully
[08-Dec-2025 14:11:37 Europe/Berlin] Session set for user: 4
[08-Dec-2025 14:12:16 Europe/Berlin] Received input: {"action":"login","identifier":"ahmed@gmail.com","password":"123456"}
[08-Dec-2025 14:12:16 Europe/Berlin] Action: login
[08-Dec-2025 14:12:16 Europe/Berlin] Login attempt for identifier: ahmed@gmail.com
[08-Dec-2025 14:12:16 Europe/Berlin] User found: Ahmed@gmail.com
[08-Dec-2025 14:12:16 Europe/Berlin] Password verified successfully
[08-Dec-2025 14:12:16 Europe/Berlin] Session set for user: 6
[08-Dec-2025 14:13:00 Europe/Berlin] Received input: {"action":"login","identifier":"siham@gmail.com","password":"123456"}
[08-Dec-2025 14:13:00 Europe/Berlin] Action: login
[08-Dec-2025 14:13:00 Europe/Berlin] Login attempt for identifier: siham@gmail.com
[08-Dec-2025 14:13:00 Europe/Berlin] User found: siham@gmail.com
[08-Dec-2025 14:13:00 Europe/Berlin] Password verified successfully
[08-Dec-2025 14:13:00 Europe/Berlin] Session set for user: 4
[08-Dec-2025 14:30:13 Europe/Berlin] Received input: {"action":"login","identifier":"king@gmail.com","password":"123456"}
[08-Dec-2025 14:30:13 Europe/Berlin] Action: login
[08-Dec-2025 14:30:13 Europe/Berlin] Login attempt for identifier: king@gmail.com
[08-Dec-2025 14:30:13 Europe/Berlin] User found: king@gmail.com
[08-Dec-2025 14:30:13 Europe/Berlin] Password verified successfully
[08-Dec-2025 14:30:13 Europe/Berlin] Session set for user: 7
